<?xml version="1.0" encoding="UTF-8"?>
<!-- Generated by org.testng.reporters.JUnitReportReporter -->
<testsuite hostname="THBSLAPTOP-452" name="webmail.TC_002" tests="1" failures="0" timestamp="29 Sep 2019 14:06:18 GMT" time="16.898" errors="0">
  <testcase name="loginWebMail" time="16.898" classname="webmail.TC_002"/>
</testsuite> <!-- webmail.TC_002 -->
