<?xml version="1.0" encoding="UTF-8"?>
<!-- Generated by org.testng.reporters.JUnitReportReporter -->
<testsuite hostname="THBSLAPTOP-452" name="webmail.TC_003" tests="1" failures="0" timestamp="29 Sep 2019 14:06:18 GMT" time="12.594" errors="0">
  <testcase name="loginWebMail" time="12.594" classname="webmail.TC_003"/>
</testsuite> <!-- webmail.TC_003 -->
